C51 COMPILER V9.54   KEY                                                                   06/24/2022 16:35:51 PAGE 1   


C51 COMPILER V9.54, COMPILATION OF MODULE KEY
OBJECT MODULE PLACED IN Key.OBJ
COMPILER INVOKED BY: E:\Keil5\C51\BIN\C51.EXE Key.c OPTIMIZE(8,SPEED) BROWSE DEBUG OBJECTEXTEND

line level    source

   1          #include <REGX52.H>
   2          #include "Delay.h"
   3          
   4          unsigned char Key()
   5          {
   6   1              unsigned char KeyNumber1=0;
   7   1              
   8   1              if(P3_1==0){Delay(20);while(P3_1==0);Delay(20);KeyNumber1=1;}
   9   1              if(P3_0==0){Delay(20);while(P3_0==0);Delay(20);KeyNumber1=2;}
  10   1              if(P3_2==0){Delay(20);while(P3_2==0);Delay(20);KeyNumber1=3;}
  11   1              if(P3_3==0){Delay(20);while(P3_3==0);Delay(20);KeyNumber1=4;}
  12   1              
  13   1              return KeyNumber1;
  14   1      }
  15          
  16          
  17          unsigned char MatrixKey()
  18          {
  19   1              unsigned char KeyValue=0;
  20   1              P1=0x0f; 
  21   1              if(P1!=0x0f)//读取按键是否按下
  22   1              {
  23   2                      if(P1!=0x0f)//再次检测是否按下
  24   2              {
  25   3                              //测试列
  26   3                              P1=0x0f;
  27   3                              switch(P1) 
  28   3                  { case(0X07): KeyValue=1;break;
  29   4                    case(0X0b): KeyValue=2;Delay(100);break; 
  30   4                    case(0X0d): KeyValue=3;Delay(100);break; 
  31   4                    case(0X0e): KeyValue=4;Delay(100);break;
  32   4                              }
  33   3                              //测试行
  34   3                              P1=0XF0;
  35   3                              switch(P1) 
  36   3                              { case(0X70): KeyValue=KeyValue;break; 
  37   4                                case(0Xb0): KeyValue=KeyValue+4;break; 
  38   4                                case(0Xd0): KeyValue=KeyValue+8;break;
  39   4                                case(0Xe0): KeyValue=KeyValue+12;break; 
  40   4                              }
  41   3                } 
  42   2         }
  43   1              return KeyValue;
  44   1      }
  45          


MODULE INFORMATION:   STATIC OVERLAYABLE
   CODE SIZE        =    205    ----
   CONSTANT SIZE    =   ----    ----
   XDATA SIZE       =   ----    ----
   PDATA SIZE       =   ----    ----
   DATA SIZE        =   ----       2
   IDATA SIZE       =   ----    ----
   BIT SIZE         =   ----    ----
C51 COMPILER V9.54   KEY                                                                   06/24/2022 16:35:51 PAGE 2   

END OF MODULE INFORMATION.


C51 COMPILATION COMPLETE.  0 WARNING(S),  0 ERROR(S)
