C51 COMPILER V9.54   MAIN                                                                  06/25/2022 20:34:57 PAGE 1   


C51 COMPILER V9.54, COMPILATION OF MODULE MAIN
OBJECT MODULE PLACED IN main.OBJ
COMPILER INVOKED BY: H:\keil51\C51\BIN\C51.EXE main.c OPTIMIZE(8,SPEED) BROWSE DEBUG OBJECTEXTEND TABS(2)

line level    source

   1          #include <REGX52.H>
   2          #include "Delay.h"
   3          #include "I2C.h"
   4          #include "AT24C02.h"
   5          #include "timer0.h"
   6          #include "LCD1602.h"
   7          #include "key.h"
   8          
   9          unsigned char min,sec,minsec;
  10          unsigned char keynum,Runflag;
  11          unsigned char timeSetSelect,timeSetFlashFlag,Value;
  12          char time[7]={1,1,1,1,0,0,0};
  13          
  14          
  15          void LCD_Show()
  16          {
  17   1        LCD_ShowNum(1,1,time[0],2);
  18   1        LCD_ShowString(1,3,"-");
  19   1        LCD_ShowNum(1,4,time[1],2);
  20   1        LCD_ShowString(1,6,"-");
  21   1        LCD_ShowNum(1,7,time[2],2);
  22   1        LCD_ShowNum(2,1,time[3],2);
  23   1        LCD_ShowString(2,3,":");
  24   1        LCD_ShowNum(2,4,time[4],2);
  25   1        LCD_ShowString(2,6,":");
  26   1        LCD_ShowNum(2,7,time[5],2); 
  27   1      
  28   1      }
  29          
  30          void LCD_SetTime()
  31          {
  32   1      
  33   1        if(Value==2)
  34   1        {
  35   2          timeSetSelect++;
  36   2          timeSetSelect%=6;
  37   2        }
  38   1        if(Value==3)
  39   1        {
  40   2          time[timeSetSelect]++;
  41   2          switch(timeSetSelect)
  42   2          {
  43   3            case 0:if(time[0]>99){time[0]=0;}break;
  44   3            case 1:if(time[1]>12){time[1]=1;time[0]++;}break;
  45   3            case 2: switch(time[1])
  46   3                {
  47   4                  case 1:if(time[2]>31){time[2]=1;time[1]++;}break;     
  48   4                  case 3:if(time[2]>31){time[2]=1;time[1]++;}break;     
  49   4                  case 5:if(time[2]>31){time[2]=1;time[1]++;}break;
  50   4                  case 7:if(time[2]>31){time[2]=1;time[1]++;}break;
  51   4                  case 8:if(time[2]>31){time[2]=1;time[1]++;}break;
  52   4                  case 10:if(time[2]>31){time[2]=1;time[1]++;}break;
  53   4                  case 12:if(time[2]>31){time[2]=1;time[1]=1;}break;
  54   4                  case 4:if(time[2]>30){time[2]=1;time[1]++;}break;
  55   4                  case 6:if(time[2]>30){time[2]=1;time[1]++;}break;
C51 COMPILER V9.54   MAIN                                                                  06/25/2022 20:34:57 PAGE 2   

  56   4                  case 9:if(time[2]>30){time[2]=1;time[1]++;}break;
  57   4                  case 11:if(time[2]>30){time[2]=1;time[1]++;}break;
  58   4                  case 2: if(time[0]%4==0)
  59   4                      {
  60   5                        if(time[2]>29){time[2]=1;time[1]++;}
  61   5                      }
  62   4                      else
  63   4                      {
  64   5                        if(time[2]>28){time[2]=1;time[1]++;}
  65   5                      }break;
  66   4                }break;
  67   3            case 3:if(time[3]==24){time[3]=0;time[2]++;}break;
  68   3            case 4:if(time[4]>59)
  69   3                 {
  70   4                  time[4]=0;
  71   4                  time[3]++;
  72   4                  if(time[3]==24){time[3]=0;time[2]++;}
  73   4                 }break;
  74   3            case 5:if(time[5]>59)
  75   3                {
  76   4                  time[5]=0;
  77   4                  time[4]++;
  78   4                  if(time[4]==60)
  79   4                  {time[4]=0;time[3]++;if(time[3]==24){time[3]=0;time[2]++;}}
  80   4                }break;
  81   3          }   
  82   2        }
  83   1        if(Value==4)
  84   1        {
  85   2          time[timeSetSelect]--;
  86   2          switch(timeSetSelect)
  87   2          {
  88   3            case 0:if(time[0]<0){time[0]=99;}break;
  89   3            case 1:if(time[1]==0){time[1]=12;time[0]--;}break;
  90   3            case 2:switch(time[1])
  91   3                 {
  92   4                   case 0:time[1]=12;break;
  93   4                     case 1:{
  94   5                      if(time[2]==0){time[2]=31;time[1]=12;}
  95   5                      if(time[2]>31){time[2]=1;time[1]++;}
  96   5                      }break;
  97   4                   case 2:{
  98   5                      if(time[1]%4==0)
  99   5                      {
 100   6                        if(time[2]<1){time[2]=31;time[1]--;}
 101   6                        if(time[2]>29){time[2]=1;time[1]++;}                          
 102   6                      }
 103   5                      else
 104   5                      {
 105   6                        if(time[2]<1){time[2]=31;time[1]--;}
 106   6                        if(time[2]>28){time[2]=1;time[1]++;}
 107   6                      }                       
 108   5                       }break;
 109   4                  case 3:{
 110   5                        if(time[1]%4==0)
 111   5                          {
 112   6                          if(time[2]<1){time[2]=29;time[1]--;}
 113   6                          if(time[2]>31){time[2]=1;time[1]++;}
 114   6                        }
 115   5                        else
 116   5                        {
 117   6                          if(time[2]<1){time[2]=28;time[1]--;}
C51 COMPILER V9.54   MAIN                                                                  06/25/2022 20:34:57 PAGE 3   

 118   6                          if(time[2]>31){time[2]=1;time[1]++;}
 119   6                        }
 120   5                      }break;
 121   4                     
 122   4                    case 5:{
 123   5                        if(time[2]<1){time[2]=30;time[1]--;}
 124   5                        if(time[2]>31){time[2]=1;time[1]++;}
 125   5                       }break;
 126   4                  case 7:{
 127   5                        if(time[2]<1){time[2]=30;time[1]--;}
 128   5                        if(time[2]>31){time[2]=1;time[1]++;}
 129   5                      }break;
 130   4                    case 8:{
 131   5                        if(time[2]<1){time[2]=30;time[1]--;}
 132   5                        if(time[2]>31){time[2]=1;time[1]++;}
 133   5                       }break;
 134   4                  case 10:{
 135   5                        if(time[2]<1){time[2]=30;time[1]--;}
 136   5                        if(time[2]>31){time[2]=1;time[1]++;}
 137   5                      }break;
 138   4                  case 12:{
 139   5                        if(time[2]<1){time[2]=30;time[1]--;}
 140   5                        if(time[2]>31){time[2]=1;time[1]++;}
 141   5                      }break;
 142   4                  case 4:{
 143   5                        if(time[2]<1){time[2]=31;time[1]--;}
 144   5                        if(time[2]>30){time[2]=1;time[1]++;}
 145   5                      }break;
 146   4                  case 6:{
 147   5                        if(time[2]<1){time[2]=31;time[1]--;}
 148   5                        if(time[2]>30){time[2]=1;time[1]++;}
 149   5                      }break;
 150   4                  case 9:{
 151   5                        if(time[2]<1){time[2]=31;time[1]--;}
 152   5                        if(time[2]>30){time[2]=1;time[1]++;}
 153   5                       }break;
 154   4                  case 11:{
 155   5                        if(time[2]<1){time[2]=31;time[1]--;}
 156   5                        if(time[2]>30){time[2]=1;time[1]++;}
 157   5                      }break;
 158   4                     
 159   4                } break;
 160   3             case 3:if(time[3]<0){time[3]=23;time[2]--;}break;
 161   3             case 4:if(time[4]<0){time[4]=59;time[3]--;}break;
 162   3             case 5:if(time[5]<0){time[5]=59;time[4]--;}break;
 163   3          }   
 164   2        }
 165   1      
 166   1        if(timeSetSelect==0 && timeSetFlashFlag==1)
 167   1        {
 168   2          LCD_ShowString(1,1,"  ");
 169   2        }
 170   1        else 
 171   1        {
 172   2          LCD_ShowNum(1,1,time[0],2);
 173   2        }
 174   1        if(timeSetSelect==1 && timeSetFlashFlag==1)
 175   1        {
 176   2          LCD_ShowString(1,4,"  ");
 177   2        }
 178   1        else
 179   1        {
C51 COMPILER V9.54   MAIN                                                                  06/25/2022 20:34:57 PAGE 4   

 180   2          LCD_ShowNum(1,4,time[1],2);
 181   2        }
 182   1        if(timeSetSelect==2 && timeSetFlashFlag==1)
 183   1        {
 184   2          LCD_ShowString(1,7,"  ");
 185   2        }
 186   1        else
 187   1        {
 188   2          LCD_ShowNum(1,7,time[2],2);
 189   2        }
 190   1        if(timeSetSelect==3 && timeSetFlashFlag==1)
 191   1        { 
 192   2          LCD_ShowString(2,1,"  ");
 193   2        }
 194   1        else
 195   1        {
 196   2          LCD_ShowNum(2,1,time[3],2);
 197   2        }
 198   1        if(timeSetSelect==4 && timeSetFlashFlag==1)
 199   1        {
 200   2          LCD_ShowString(2,4,"  ");
 201   2        }
 202   1        else 
 203   1        {
 204   2          LCD_ShowNum(2,4,time[4],2);
 205   2        }
 206   1        if(timeSetSelect==5 && timeSetFlashFlag==1)
 207   1        {
 208   2          LCD_ShowString(2,7,"  ");
 209   2        }
 210   1        else 
 211   1        {
 212   2          LCD_ShowNum(2,7,time[5],2);
 213   2        }
 214   1      }
 215          
 216          
 217          int  main()
 218          {
 219   1        void timer0Init();
 220   1        unsigned char key();
 221   1        unsigned char MatrixKey();
 222   1        LCD_Init();
 223   1        timer0Init();
 224   1        time[0]=AT24C02_ReadByte(0);
 225   1        time[1]=AT24C02_ReadByte(1);
 226   1        time[2]=AT24C02_ReadByte(2);
 227   1        time[3]=AT24C02_ReadByte(3);
 228   1        time[4]=AT24C02_ReadByte(4);
 229   1        time[5]=AT24C02_ReadByte(5);    
 230   1        Runflag=1;
 231   1        while(1)
 232   1        {
 233   2          keynum=key();
 234   2          Value=MatrixKey();
 235   2          if(keynum==1||Value==1)
 236   2          {
 237   3            Runflag=!Runflag;
 238   3            min=time[4];sec=time[5];minsec=time[6];
 239   3            
 240   3          }
 241   2          if(!Runflag)
C51 COMPILER V9.54   MAIN                                                                  06/25/2022 20:34:57 PAGE 5   

 242   2          {
 243   3            LCD_SetTime();  
 244   3          }
 245   2          LCD_Show();
 246   2          AT24C02_WriteByte(0,time[0]);
 247   2          Delay(5);
 248   2          AT24C02_WriteByte(1,time[1]);
 249   2          Delay(5);
 250   2          AT24C02_WriteByte(2,time[2]);
 251   2          Delay(5);
 252   2          AT24C02_WriteByte(3,time[3]);
 253   2          Delay(5);
 254   2          AT24C02_WriteByte(4,time[4]);
 255   2          Delay(5);
 256   2          AT24C02_WriteByte(5,time[5]);
 257   2          Delay(5);
 258   2        }
 259   1      }
 260          
 261          void LCD_loop()
 262          {
 263   1        if(Runflag)
 264   1        {
 265   2          time[6]++;
 266   2          if(time[6]>=100)
 267   2          {
 268   3            time[6]=0;
 269   3            time[5]++;
 270   3          }
 271   2          if(time[5]>59)
 272   2          {
 273   3            time[5]=0;
 274   3            time[4]++;
 275   3            if(time[4]>59)
 276   3            {
 277   4              time[4]=0;
 278   4              time[3]++;
 279   4              if(time[3]>23)
 280   4              {
 281   5                time[3]=0;
 282   5              }
 283   4            }
 284   3          }
 285   2        }
 286   1      }
 287          
 288          void timer0_Routine()  interrupt 1
 289          {
 290   1        static unsigned int T0count,T1count; 
 291   1        TL0 = 0x18; 
 292   1        TH0 = 0xFC; 
 293   1        T0count++;
 294   1        T1count++;
 295   1        if(T0count>=100)
 296   1        {
 297   2          T0count=0;
 298   2          timeSetFlashFlag=!timeSetFlashFlag;
 299   2      
 300   2        }
 301   1        if(T1count>=10)
 302   1        {
 303   2          T1count=0;
C51 COMPILER V9.54   MAIN                                                                  06/25/2022 20:34:57 PAGE 6   

 304   2          LCD_loop();
 305   2        }
 306   1      }  


MODULE INFORMATION:   STATIC OVERLAYABLE
   CODE SIZE        =   1806    ----
   CONSTANT SIZE    =      7    ----
   XDATA SIZE       =   ----    ----
   PDATA SIZE       =   ----    ----
   DATA SIZE        =     19    ----
   IDATA SIZE       =   ----    ----
   BIT SIZE         =   ----    ----
END OF MODULE INFORMATION.


C51 COMPILATION COMPLETE.  0 WARNING(S),  0 ERROR(S)
