C51 COMPILER V9.54   TIMER0                                                                06/24/2022 16:35:51 PAGE 1   


C51 COMPILER V9.54, COMPILATION OF MODULE TIMER0
OBJECT MODULE PLACED IN Timer0.OBJ
COMPILER INVOKED BY: E:\Keil5\C51\BIN\C51.EXE Timer0.c OPTIMIZE(8,SPEED) BROWSE DEBUG OBJECTEXTEND

line level    source

   1          #include <REGX52.H>
   2          
   3          void Timer0Init(void)   //1毫秒@11.0592MHz
   4          {
   5   1              TMOD &= 0xF0;                //设置定时器模式
   6   1              TMOD |= 0x01;           
   7   1              TL0 = 0x18;              //设置定时初值
   8   1              TH0 = 0xFC;              //设置定时初值
   9   1              TF0 = 0;                
  10   1              TR0 = 1;                
  11   1              ET0=1;
  12   1              EA=1;
  13   1              PT0=0;
  14   1      }
  15          
  16          
  17          //函数一秒中断模板
  18          /*
  19          void Timer0_Routine()  interrupt 1
  20          {
  21                  static unsigned int T0count; 
  22                  TH0=0xFC;
  23                  TL0=0x66;
  24                  T0count++;
  25                  if(T0count>=1000)
  26                  {
  27                          T0count=0;
  28          
  29                  }
  30          }  
  31          */


MODULE INFORMATION:   STATIC OVERLAYABLE
   CODE SIZE        =     23    ----
   CONSTANT SIZE    =   ----    ----
   XDATA SIZE       =   ----    ----
   PDATA SIZE       =   ----    ----
   DATA SIZE        =   ----    ----
   IDATA SIZE       =   ----    ----
   BIT SIZE         =   ----    ----
END OF MODULE INFORMATION.


C51 COMPILATION COMPLETE.  0 WARNING(S),  0 ERROR(S)
